Date 2019-12-01 - 18:33
Function : Editor_LoadFixtures : Unknown key name : offset_pan !
----------------------------------------------------------------------
Date 2019-12-01 - 18:33
Function : Editor_LoadFixtures : Unknown key name : offset_tilt !
----------------------------------------------------------------------
Date 2019-12-01 - 18:33
Function : Editor_LoadFixtures : Unknown key name : zoom_pan !
----------------------------------------------------------------------
Date 2019-12-01 - 18:33
Function : Editor_LoadFixtures : Unknown key name : zoom_tilt !
----------------------------------------------------------------------
Date 2019-12-01 - 18:33
Function : Editor_LoadFixtures : Unknown key name : offset_pan !
----------------------------------------------------------------------
Date 2019-12-01 - 18:33
Function : Editor_LoadFixtures : Unknown key name : offset_tilt !
----------------------------------------------------------------------
Date 2019-12-01 - 18:33
Function : Editor_LoadFixtures : Unknown key name : zoom_pan !
----------------------------------------------------------------------
Date 2019-12-01 - 18:33
Function : Editor_LoadFixtures : Unknown key name : zoom_tilt !
----------------------------------------------------------------------
Date 2019-12-01 - 18:33
Function : Editor_LoadFixtures : Unknown key name : offset_pan !
----------------------------------------------------------------------
Date 2019-12-01 - 18:33
Function : Editor_LoadFixtures : Unknown key name : offset_tilt !
----------------------------------------------------------------------
Date 2019-12-01 - 18:33
Function : Editor_LoadFixtures : Unknown key name : zoom_pan !
----------------------------------------------------------------------
Date 2019-12-01 - 18:33
Function : Editor_LoadFixtures : Unknown key name : zoom_tilt !
----------------------------------------------------------------------
Date 2019-12-01 - 18:33
Function : Editor_LoadFixtures : Unknown key name : offset_pan !
----------------------------------------------------------------------
Date 2019-12-01 - 18:33
Function : Editor_LoadFixtures : Unknown key name : offset_tilt !
----------------------------------------------------------------------
Date 2019-12-01 - 18:33
Function : Editor_LoadFixtures : Unknown key name : zoom_pan !
----------------------------------------------------------------------
Date 2019-12-01 - 18:33
Function : Editor_LoadFixtures : Unknown key name : zoom_tilt !
----------------------------------------------------------------------
Date 2019-12-01 - 18:33
Function : Editor_LoadFixtures : Unknown key name : offset_pan !
----------------------------------------------------------------------
Date 2019-12-01 - 18:33
Function : Editor_LoadFixtures : Unknown key name : offset_tilt !
----------------------------------------------------------------------
Date 2019-12-01 - 18:33
Function : Editor_LoadFixtures : Unknown key name : zoom_pan !
----------------------------------------------------------------------
Date 2019-12-01 - 18:33
Function : Editor_LoadFixtures : Unknown key name : zoom_tilt !
----------------------------------------------------------------------
Date 2019-12-02 - 20:38
Function : Editor_LoadFixtures : Unknown key name : offset_pan !
----------------------------------------------------------------------
Date 2019-12-02 - 20:38
Function : Editor_LoadFixtures : Unknown key name : offset_tilt !
----------------------------------------------------------------------
Date 2019-12-02 - 20:38
Function : Editor_LoadFixtures : Unknown key name : zoom_pan !
----------------------------------------------------------------------
Date 2019-12-02 - 20:38
Function : Editor_LoadFixtures : Unknown key name : zoom_tilt !
----------------------------------------------------------------------
Date 2019-12-02 - 20:38
Function : Editor_LoadFixtures : Unknown key name : offset_pan !
----------------------------------------------------------------------
Date 2019-12-02 - 20:38
Function : Editor_LoadFixtures : Unknown key name : offset_tilt !
----------------------------------------------------------------------
Date 2019-12-02 - 20:38
Function : Editor_LoadFixtures : Unknown key name : zoom_pan !
----------------------------------------------------------------------
Date 2019-12-02 - 20:38
Function : Editor_LoadFixtures : Unknown key name : zoom_tilt !
----------------------------------------------------------------------
Date 2019-12-02 - 20:38
Function : Editor_LoadFixtures : Unknown key name : offset_pan !
----------------------------------------------------------------------
Date 2019-12-02 - 20:38
Function : Editor_LoadFixtures : Unknown key name : offset_tilt !
----------------------------------------------------------------------
Date 2019-12-02 - 20:38
Function : Editor_LoadFixtures : Unknown key name : zoom_pan !
----------------------------------------------------------------------
Date 2019-12-02 - 20:38
Function : Editor_LoadFixtures : Unknown key name : zoom_tilt !
----------------------------------------------------------------------
Date 2019-12-02 - 20:38
Function : Editor_LoadFixtures : Unknown key name : offset_pan !
----------------------------------------------------------------------
Date 2019-12-02 - 20:38
Function : Editor_LoadFixtures : Unknown key name : offset_tilt !
----------------------------------------------------------------------
Date 2019-12-02 - 20:38
Function : Editor_LoadFixtures : Unknown key name : zoom_pan !
----------------------------------------------------------------------
Date 2019-12-02 - 20:38
Function : Editor_LoadFixtures : Unknown key name : zoom_tilt !
----------------------------------------------------------------------
Date 2019-12-02 - 20:38
Function : Editor_LoadFixtures : Unknown key name : offset_pan !
----------------------------------------------------------------------
Date 2019-12-02 - 20:38
Function : Editor_LoadFixtures : Unknown key name : offset_tilt !
----------------------------------------------------------------------
Date 2019-12-02 - 20:38
Function : Editor_LoadFixtures : Unknown key name : zoom_pan !
----------------------------------------------------------------------
Date 2019-12-02 - 20:38
Function : Editor_LoadFixtures : Unknown key name : zoom_tilt !
----------------------------------------------------------------------
Date 2019-12-02 - 20:44
Function : Editor_LoadFixtures : Unknown key name : offset_pan !
----------------------------------------------------------------------
Date 2019-12-02 - 20:44
Function : Editor_LoadFixtures : Unknown key name : offset_tilt !
----------------------------------------------------------------------
Date 2019-12-02 - 20:44
Function : Editor_LoadFixtures : Unknown key name : zoom_pan !
----------------------------------------------------------------------
Date 2019-12-02 - 20:44
Function : Editor_LoadFixtures : Unknown key name : zoom_tilt !
----------------------------------------------------------------------
Date 2019-12-02 - 20:44
Function : Editor_LoadFixtures : Unknown key name : offset_pan !
----------------------------------------------------------------------
Date 2019-12-02 - 20:44
Function : Editor_LoadFixtures : Unknown key name : offset_tilt !
----------------------------------------------------------------------
Date 2019-12-02 - 20:44
Function : Editor_LoadFixtures : Unknown key name : zoom_pan !
----------------------------------------------------------------------
Date 2019-12-02 - 20:44
Function : Editor_LoadFixtures : Unknown key name : zoom_tilt !
----------------------------------------------------------------------
Date 2019-12-02 - 20:44
Function : Editor_LoadFixtures : Unknown key name : offset_pan !
----------------------------------------------------------------------
Date 2019-12-02 - 20:44
Function : Editor_LoadFixtures : Unknown key name : offset_tilt !
----------------------------------------------------------------------
Date 2019-12-02 - 20:44
Function : Editor_LoadFixtures : Unknown key name : zoom_pan !
----------------------------------------------------------------------
Date 2019-12-02 - 20:44
Function : Editor_LoadFixtures : Unknown key name : zoom_tilt !
----------------------------------------------------------------------
Date 2019-12-02 - 20:44
Function : Editor_LoadFixtures : Unknown key name : offset_pan !
----------------------------------------------------------------------
Date 2019-12-02 - 20:44
Function : Editor_LoadFixtures : Unknown key name : offset_tilt !
----------------------------------------------------------------------
Date 2019-12-02 - 20:44
Function : Editor_LoadFixtures : Unknown key name : zoom_pan !
----------------------------------------------------------------------
Date 2019-12-02 - 20:44
Function : Editor_LoadFixtures : Unknown key name : zoom_tilt !
----------------------------------------------------------------------
Date 2019-12-02 - 20:44
Function : Editor_LoadFixtures : Unknown key name : offset_pan !
----------------------------------------------------------------------
Date 2019-12-02 - 20:44
Function : Editor_LoadFixtures : Unknown key name : offset_tilt !
----------------------------------------------------------------------
Date 2019-12-02 - 20:44
Function : Editor_LoadFixtures : Unknown key name : zoom_pan !
----------------------------------------------------------------------
Date 2019-12-02 - 20:44
Function : Editor_LoadFixtures : Unknown key name : zoom_tilt !
----------------------------------------------------------------------
Date 2019-12-02 - 23:25
Function : Editor_LoadFixtures : Unknown key name : offset_pan !
----------------------------------------------------------------------
Date 2019-12-02 - 23:25
Function : Editor_LoadFixtures : Unknown key name : offset_tilt !
----------------------------------------------------------------------
Date 2019-12-02 - 23:25
Function : Editor_LoadFixtures : Unknown key name : zoom_pan !
----------------------------------------------------------------------
Date 2019-12-02 - 23:25
Function : Editor_LoadFixtures : Unknown key name : zoom_tilt !
----------------------------------------------------------------------
Date 2019-12-02 - 23:25
Function : Editor_LoadFixtures : Unknown key name : offset_pan !
----------------------------------------------------------------------
Date 2019-12-02 - 23:25
Function : Editor_LoadFixtures : Unknown key name : offset_tilt !
----------------------------------------------------------------------
Date 2019-12-02 - 23:25
Function : Editor_LoadFixtures : Unknown key name : zoom_pan !
----------------------------------------------------------------------
Date 2019-12-02 - 23:25
Function : Editor_LoadFixtures : Unknown key name : zoom_tilt !
----------------------------------------------------------------------
Date 2019-12-02 - 23:25
Function : Editor_LoadFixtures : Unknown key name : offset_pan !
----------------------------------------------------------------------
Date 2019-12-02 - 23:25
Function : Editor_LoadFixtures : Unknown key name : offset_tilt !
----------------------------------------------------------------------
Date 2019-12-02 - 23:25
Function : Editor_LoadFixtures : Unknown key name : zoom_pan !
----------------------------------------------------------------------
Date 2019-12-02 - 23:25
Function : Editor_LoadFixtures : Unknown key name : zoom_tilt !
----------------------------------------------------------------------
Date 2019-12-02 - 23:25
Function : Editor_LoadFixtures : Unknown key name : offset_pan !
----------------------------------------------------------------------
Date 2019-12-02 - 23:25
Function : Editor_LoadFixtures : Unknown key name : offset_tilt !
----------------------------------------------------------------------
Date 2019-12-02 - 23:25
Function : Editor_LoadFixtures : Unknown key name : zoom_pan !
----------------------------------------------------------------------
Date 2019-12-02 - 23:25
Function : Editor_LoadFixtures : Unknown key name : zoom_tilt !
----------------------------------------------------------------------
Date 2019-12-02 - 23:25
Function : Editor_LoadFixtures : Unknown key name : offset_pan !
----------------------------------------------------------------------
Date 2019-12-02 - 23:25
Function : Editor_LoadFixtures : Unknown key name : offset_tilt !
----------------------------------------------------------------------
Date 2019-12-02 - 23:25
Function : Editor_LoadFixtures : Unknown key name : zoom_pan !
----------------------------------------------------------------------
Date 2019-12-02 - 23:25
Function : Editor_LoadFixtures : Unknown key name : zoom_tilt !
----------------------------------------------------------------------
Date 2019-12-02 - 23:29
Function : Editor_LoadFixtures : Unknown key name : offset_pan !
----------------------------------------------------------------------
Date 2019-12-02 - 23:29
Function : Editor_LoadFixtures : Unknown key name : offset_tilt !
----------------------------------------------------------------------
Date 2019-12-02 - 23:29
Function : Editor_LoadFixtures : Unknown key name : zoom_pan !
----------------------------------------------------------------------
Date 2019-12-02 - 23:29
Function : Editor_LoadFixtures : Unknown key name : zoom_tilt !
----------------------------------------------------------------------
Date 2019-12-02 - 23:29
Function : Editor_LoadFixtures : Unknown key name : offset_pan !
----------------------------------------------------------------------
Date 2019-12-02 - 23:29
Function : Editor_LoadFixtures : Unknown key name : offset_tilt !
----------------------------------------------------------------------
Date 2019-12-02 - 23:29
Function : Editor_LoadFixtures : Unknown key name : zoom_pan !
----------------------------------------------------------------------
Date 2019-12-02 - 23:29
Function : Editor_LoadFixtures : Unknown key name : zoom_tilt !
----------------------------------------------------------------------
Date 2019-12-02 - 23:29
Function : Editor_LoadFixtures : Unknown key name : offset_pan !
----------------------------------------------------------------------
Date 2019-12-02 - 23:29
Function : Editor_LoadFixtures : Unknown key name : offset_tilt !
----------------------------------------------------------------------
Date 2019-12-02 - 23:29
Function : Editor_LoadFixtures : Unknown key name : zoom_pan !
----------------------------------------------------------------------
Date 2019-12-02 - 23:29
Function : Editor_LoadFixtures : Unknown key name : zoom_tilt !
----------------------------------------------------------------------
Date 2019-12-02 - 23:29
Function : Editor_LoadFixtures : Unknown key name : offset_pan !
----------------------------------------------------------------------
Date 2019-12-02 - 23:29
Function : Editor_LoadFixtures : Unknown key name : offset_tilt !
----------------------------------------------------------------------
Date 2019-12-02 - 23:29
Function : Editor_LoadFixtures : Unknown key name : zoom_pan !
----------------------------------------------------------------------
Date 2019-12-02 - 23:29
Function : Editor_LoadFixtures : Unknown key name : zoom_tilt !
----------------------------------------------------------------------
Date 2019-12-02 - 23:29
Function : Editor_LoadFixtures : Unknown key name : offset_pan !
----------------------------------------------------------------------
Date 2019-12-02 - 23:29
Function : Editor_LoadFixtures : Unknown key name : offset_tilt !
----------------------------------------------------------------------
Date 2019-12-02 - 23:29
Function : Editor_LoadFixtures : Unknown key name : zoom_pan !
----------------------------------------------------------------------
Date 2019-12-02 - 23:29
Function : Editor_LoadFixtures : Unknown key name : zoom_tilt !
----------------------------------------------------------------------
Date 2019-12-02 - 23:35
Function : Editor_LoadFixtures : Unknown key name : offset_pan !
----------------------------------------------------------------------
Date 2019-12-02 - 23:35
Function : Editor_LoadFixtures : Unknown key name : offset_tilt !
----------------------------------------------------------------------
Date 2019-12-02 - 23:35
Function : Editor_LoadFixtures : Unknown key name : zoom_pan !
----------------------------------------------------------------------
Date 2019-12-02 - 23:35
Function : Editor_LoadFixtures : Unknown key name : zoom_tilt !
----------------------------------------------------------------------
Date 2019-12-02 - 23:35
Function : Editor_LoadFixtures : Unknown key name : offset_pan !
----------------------------------------------------------------------
Date 2019-12-02 - 23:35
Function : Editor_LoadFixtures : Unknown key name : offset_tilt !
----------------------------------------------------------------------
Date 2019-12-02 - 23:35
Function : Editor_LoadFixtures : Unknown key name : zoom_pan !
----------------------------------------------------------------------
Date 2019-12-02 - 23:35
Function : Editor_LoadFixtures : Unknown key name : zoom_tilt !
----------------------------------------------------------------------
Date 2019-12-02 - 23:35
Function : Editor_LoadFixtures : Unknown key name : offset_pan !
----------------------------------------------------------------------
Date 2019-12-02 - 23:35
Function : Editor_LoadFixtures : Unknown key name : offset_tilt !
----------------------------------------------------------------------
Date 2019-12-02 - 23:35
Function : Editor_LoadFixtures : Unknown key name : zoom_pan !
----------------------------------------------------------------------
Date 2019-12-02 - 23:35
Function : Editor_LoadFixtures : Unknown key name : zoom_tilt !
----------------------------------------------------------------------
Date 2019-12-02 - 23:35
Function : Editor_LoadFixtures : Unknown key name : offset_pan !
----------------------------------------------------------------------
Date 2019-12-02 - 23:35
Function : Editor_LoadFixtures : Unknown key name : offset_tilt !
----------------------------------------------------------------------
Date 2019-12-02 - 23:35
Function : Editor_LoadFixtures : Unknown key name : zoom_pan !
----------------------------------------------------------------------
Date 2019-12-02 - 23:35
Function : Editor_LoadFixtures : Unknown key name : zoom_tilt !
----------------------------------------------------------------------
Date 2019-12-02 - 23:35
Function : Editor_LoadFixtures : Unknown key name : offset_pan !
----------------------------------------------------------------------
Date 2019-12-02 - 23:35
Function : Editor_LoadFixtures : Unknown key name : offset_tilt !
----------------------------------------------------------------------
Date 2019-12-02 - 23:35
Function : Editor_LoadFixtures : Unknown key name : zoom_pan !
----------------------------------------------------------------------
Date 2019-12-02 - 23:35
Function : Editor_LoadFixtures : Unknown key name : zoom_tilt !
----------------------------------------------------------------------
Date 2019-12-02 - 23:38
Function : Editor_LoadFixtures : Unknown key name : offset_pan !
----------------------------------------------------------------------
Date 2019-12-02 - 23:38
Function : Editor_LoadFixtures : Unknown key name : offset_tilt !
----------------------------------------------------------------------
Date 2019-12-02 - 23:38
Function : Editor_LoadFixtures : Unknown key name : zoom_pan !
----------------------------------------------------------------------
Date 2019-12-02 - 23:38
Function : Editor_LoadFixtures : Unknown key name : zoom_tilt !
----------------------------------------------------------------------
Date 2019-12-02 - 23:38
Function : Editor_LoadFixtures : Unknown key name : offset_pan !
----------------------------------------------------------------------
Date 2019-12-02 - 23:38
Function : Editor_LoadFixtures : Unknown key name : offset_tilt !
----------------------------------------------------------------------
Date 2019-12-02 - 23:38
Function : Editor_LoadFixtures : Unknown key name : zoom_pan !
----------------------------------------------------------------------
Date 2019-12-02 - 23:38
Function : Editor_LoadFixtures : Unknown key name : zoom_tilt !
----------------------------------------------------------------------
Date 2019-12-02 - 23:38
Function : Editor_LoadFixtures : Unknown key name : offset_pan !
----------------------------------------------------------------------
Date 2019-12-02 - 23:38
Function : Editor_LoadFixtures : Unknown key name : offset_tilt !
----------------------------------------------------------------------
Date 2019-12-02 - 23:38
Function : Editor_LoadFixtures : Unknown key name : zoom_pan !
----------------------------------------------------------------------
Date 2019-12-02 - 23:38
Function : Editor_LoadFixtures : Unknown key name : zoom_tilt !
----------------------------------------------------------------------
Date 2019-12-02 - 23:38
Function : Editor_LoadFixtures : Unknown key name : offset_pan !
----------------------------------------------------------------------
Date 2019-12-02 - 23:38
Function : Editor_LoadFixtures : Unknown key name : offset_tilt !
----------------------------------------------------------------------
Date 2019-12-02 - 23:38
Function : Editor_LoadFixtures : Unknown key name : zoom_pan !
----------------------------------------------------------------------
Date 2019-12-02 - 23:38
Function : Editor_LoadFixtures : Unknown key name : zoom_tilt !
----------------------------------------------------------------------
Date 2019-12-02 - 23:38
Function : Editor_LoadFixtures : Unknown key name : offset_pan !
----------------------------------------------------------------------
Date 2019-12-02 - 23:38
Function : Editor_LoadFixtures : Unknown key name : offset_tilt !
----------------------------------------------------------------------
Date 2019-12-02 - 23:38
Function : Editor_LoadFixtures : Unknown key name : zoom_pan !
----------------------------------------------------------------------
Date 2019-12-02 - 23:38
Function : Editor_LoadFixtures : Unknown key name : zoom_tilt !
----------------------------------------------------------------------
Date 2019-12-02 - 23:43
Function : Editor_LoadFixtures : Unknown key name : offset_pan !
----------------------------------------------------------------------
Date 2019-12-02 - 23:43
Function : Editor_LoadFixtures : Unknown key name : offset_tilt !
----------------------------------------------------------------------
Date 2019-12-02 - 23:43
Function : Editor_LoadFixtures : Unknown key name : zoom_pan !
----------------------------------------------------------------------
Date 2019-12-02 - 23:43
Function : Editor_LoadFixtures : Unknown key name : zoom_tilt !
----------------------------------------------------------------------
Date 2019-12-02 - 23:43
Function : Editor_LoadFixtures : Unknown key name : offset_pan !
----------------------------------------------------------------------
Date 2019-12-02 - 23:43
Function : Editor_LoadFixtures : Unknown key name : offset_tilt !
----------------------------------------------------------------------
Date 2019-12-02 - 23:43
Function : Editor_LoadFixtures : Unknown key name : zoom_pan !
----------------------------------------------------------------------
Date 2019-12-02 - 23:43
Function : Editor_LoadFixtures : Unknown key name : zoom_tilt !
----------------------------------------------------------------------
Date 2019-12-02 - 23:43
Function : Editor_LoadFixtures : Unknown key name : offset_pan !
----------------------------------------------------------------------
Date 2019-12-02 - 23:43
Function : Editor_LoadFixtures : Unknown key name : offset_tilt !
----------------------------------------------------------------------
Date 2019-12-02 - 23:43
Function : Editor_LoadFixtures : Unknown key name : zoom_pan !
----------------------------------------------------------------------
Date 2019-12-02 - 23:43
Function : Editor_LoadFixtures : Unknown key name : zoom_tilt !
----------------------------------------------------------------------
Date 2019-12-02 - 23:43
Function : Editor_LoadFixtures : Unknown key name : offset_pan !
----------------------------------------------------------------------
Date 2019-12-02 - 23:43
Function : Editor_LoadFixtures : Unknown key name : offset_tilt !
----------------------------------------------------------------------
Date 2019-12-02 - 23:43
Function : Editor_LoadFixtures : Unknown key name : zoom_pan !
----------------------------------------------------------------------
Date 2019-12-02 - 23:43
Function : Editor_LoadFixtures : Unknown key name : zoom_tilt !
----------------------------------------------------------------------
Date 2019-12-02 - 23:43
Function : Editor_LoadFixtures : Unknown key name : offset_pan !
----------------------------------------------------------------------
Date 2019-12-02 - 23:43
Function : Editor_LoadFixtures : Unknown key name : offset_tilt !
----------------------------------------------------------------------
Date 2019-12-02 - 23:43
Function : Editor_LoadFixtures : Unknown key name : zoom_pan !
----------------------------------------------------------------------
Date 2019-12-02 - 23:43
Function : Editor_LoadFixtures : Unknown key name : zoom_tilt !
----------------------------------------------------------------------
Date 2019-12-06 - 18:42
Function : Editor_LoadFixtures : Unknown key name : offset_pan !
----------------------------------------------------------------------
Date 2019-12-06 - 18:42
Function : Editor_LoadFixtures : Unknown key name : offset_tilt !
----------------------------------------------------------------------
Date 2019-12-06 - 18:42
Function : Editor_LoadFixtures : Unknown key name : zoom_pan !
----------------------------------------------------------------------
Date 2019-12-06 - 18:42
Function : Editor_LoadFixtures : Unknown key name : zoom_tilt !
----------------------------------------------------------------------
Date 2019-12-06 - 18:42
Function : Editor_LoadFixtures : Unknown key name : offset_pan !
----------------------------------------------------------------------
Date 2019-12-06 - 18:42
Function : Editor_LoadFixtures : Unknown key name : offset_tilt !
----------------------------------------------------------------------
Date 2019-12-06 - 18:42
Function : Editor_LoadFixtures : Unknown key name : zoom_pan !
----------------------------------------------------------------------
Date 2019-12-06 - 18:42
Function : Editor_LoadFixtures : Unknown key name : zoom_tilt !
----------------------------------------------------------------------
Date 2019-12-06 - 18:42
Function : Editor_LoadFixtures : Unknown key name : offset_pan !
----------------------------------------------------------------------
Date 2019-12-06 - 18:42
Function : Editor_LoadFixtures : Unknown key name : offset_tilt !
----------------------------------------------------------------------
Date 2019-12-06 - 18:42
Function : Editor_LoadFixtures : Unknown key name : zoom_pan !
----------------------------------------------------------------------
Date 2019-12-06 - 18:42
Function : Editor_LoadFixtures : Unknown key name : zoom_tilt !
----------------------------------------------------------------------
Date 2019-12-06 - 18:42
Function : Editor_LoadFixtures : Unknown key name : offset_pan !
----------------------------------------------------------------------
Date 2019-12-06 - 18:42
Function : Editor_LoadFixtures : Unknown key name : offset_tilt !
----------------------------------------------------------------------
Date 2019-12-06 - 18:42
Function : Editor_LoadFixtures : Unknown key name : zoom_pan !
----------------------------------------------------------------------
Date 2019-12-06 - 18:42
Function : Editor_LoadFixtures : Unknown key name : zoom_tilt !
----------------------------------------------------------------------
Date 2019-12-06 - 18:42
Function : Editor_LoadFixtures : Unknown key name : offset_pan !
----------------------------------------------------------------------
Date 2019-12-06 - 18:42
Function : Editor_LoadFixtures : Unknown key name : offset_tilt !
----------------------------------------------------------------------
Date 2019-12-06 - 18:42
Function : Editor_LoadFixtures : Unknown key name : zoom_pan !
----------------------------------------------------------------------
Date 2019-12-06 - 18:42
Function : Editor_LoadFixtures : Unknown key name : zoom_tilt !
----------------------------------------------------------------------
Date 2019-12-08 - 13:39
Function : Editor_LoadFixtures : Unknown key name : offset_pan !
----------------------------------------------------------------------
Date 2019-12-08 - 13:39
Function : Editor_LoadFixtures : Unknown key name : offset_tilt !
----------------------------------------------------------------------
Date 2019-12-08 - 13:39
Function : Editor_LoadFixtures : Unknown key name : zoom_pan !
----------------------------------------------------------------------
Date 2019-12-08 - 13:39
Function : Editor_LoadFixtures : Unknown key name : zoom_tilt !
----------------------------------------------------------------------
Date 2019-12-08 - 13:39
Function : Editor_LoadFixtures : Unknown key name : offset_pan !
----------------------------------------------------------------------
Date 2019-12-08 - 13:39
Function : Editor_LoadFixtures : Unknown key name : offset_tilt !
----------------------------------------------------------------------
Date 2019-12-08 - 13:39
Function : Editor_LoadFixtures : Unknown key name : zoom_pan !
----------------------------------------------------------------------
Date 2019-12-08 - 13:39
Function : Editor_LoadFixtures : Unknown key name : zoom_tilt !
----------------------------------------------------------------------
Date 2019-12-08 - 13:39
Function : Editor_LoadFixtures : Unknown key name : offset_pan !
----------------------------------------------------------------------
Date 2019-12-08 - 13:39
Function : Editor_LoadFixtures : Unknown key name : offset_tilt !
----------------------------------------------------------------------
Date 2019-12-08 - 13:39
Function : Editor_LoadFixtures : Unknown key name : zoom_pan !
----------------------------------------------------------------------
Date 2019-12-08 - 13:39
Function : Editor_LoadFixtures : Unknown key name : zoom_tilt !
----------------------------------------------------------------------
Date 2019-12-08 - 13:39
Function : Editor_LoadFixtures : Unknown key name : offset_pan !
----------------------------------------------------------------------
Date 2019-12-08 - 13:39
Function : Editor_LoadFixtures : Unknown key name : offset_tilt !
----------------------------------------------------------------------
Date 2019-12-08 - 13:39
Function : Editor_LoadFixtures : Unknown key name : zoom_pan !
----------------------------------------------------------------------
Date 2019-12-08 - 13:39
Function : Editor_LoadFixtures : Unknown key name : zoom_tilt !
----------------------------------------------------------------------
Date 2019-12-08 - 13:39
Function : Editor_LoadFixtures : Unknown key name : offset_pan !
----------------------------------------------------------------------
Date 2019-12-08 - 13:39
Function : Editor_LoadFixtures : Unknown key name : offset_tilt !
----------------------------------------------------------------------
Date 2019-12-08 - 13:39
Function : Editor_LoadFixtures : Unknown key name : zoom_pan !
----------------------------------------------------------------------
Date 2019-12-08 - 13:39
Function : Editor_LoadFixtures : Unknown key name : zoom_tilt !
----------------------------------------------------------------------
Date 2019-12-08 - 13:39
Function : Editor_LoadFixtures : Unknown key name : offset_pan !
----------------------------------------------------------------------
Date 2019-12-08 - 13:39
Function : Editor_LoadFixtures : Unknown key name : offset_tilt !
----------------------------------------------------------------------
Date 2019-12-08 - 13:39
Function : Editor_LoadFixtures : Unknown key name : zoom_pan !
----------------------------------------------------------------------
Date 2019-12-08 - 13:39
Function : Editor_LoadFixtures : Unknown key name : zoom_tilt !
----------------------------------------------------------------------
Date 2019-12-08 - 13:39
Function : Editor_LoadFixtures : Unknown key name : offset_pan !
----------------------------------------------------------------------
Date 2019-12-08 - 13:39
Function : Editor_LoadFixtures : Unknown key name : offset_tilt !
----------------------------------------------------------------------
Date 2019-12-08 - 13:39
Function : Editor_LoadFixtures : Unknown key name : zoom_pan !
----------------------------------------------------------------------
Date 2019-12-08 - 13:39
Function : Editor_LoadFixtures : Unknown key name : zoom_tilt !
----------------------------------------------------------------------
Date 2019-12-08 - 13:43
Function : Editor_LoadFixtures : Unknown key name : offset_pan !
----------------------------------------------------------------------
Date 2019-12-08 - 13:43
Function : Editor_LoadFixtures : Unknown key name : offset_tilt !
----------------------------------------------------------------------
Date 2019-12-08 - 13:43
Function : Editor_LoadFixtures : Unknown key name : zoom_pan !
----------------------------------------------------------------------
Date 2019-12-08 - 13:43
Function : Editor_LoadFixtures : Unknown key name : zoom_tilt !
----------------------------------------------------------------------
Date 2019-12-08 - 13:43
Function : Editor_LoadFixtures : Unknown key name : offset_pan !
----------------------------------------------------------------------
Date 2019-12-08 - 13:43
Function : Editor_LoadFixtures : Unknown key name : offset_tilt !
----------------------------------------------------------------------
Date 2019-12-08 - 13:43
Function : Editor_LoadFixtures : Unknown key name : zoom_pan !
----------------------------------------------------------------------
Date 2019-12-08 - 13:43
Function : Editor_LoadFixtures : Unknown key name : zoom_tilt !
----------------------------------------------------------------------
Date 2019-12-08 - 13:43
Function : Editor_LoadFixtures : Unknown key name : offset_pan !
----------------------------------------------------------------------
Date 2019-12-08 - 13:43
Function : Editor_LoadFixtures : Unknown key name : offset_tilt !
----------------------------------------------------------------------
Date 2019-12-08 - 13:43
Function : Editor_LoadFixtures : Unknown key name : zoom_pan !
----------------------------------------------------------------------
Date 2019-12-08 - 13:43
Function : Editor_LoadFixtures : Unknown key name : zoom_tilt !
----------------------------------------------------------------------
Date 2019-12-08 - 13:43
Function : Editor_LoadFixtures : Unknown key name : offset_pan !
----------------------------------------------------------------------
Date 2019-12-08 - 13:43
Function : Editor_LoadFixtures : Unknown key name : offset_tilt !
----------------------------------------------------------------------
Date 2019-12-08 - 13:43
Function : Editor_LoadFixtures : Unknown key name : zoom_pan !
----------------------------------------------------------------------
Date 2019-12-08 - 13:43
Function : Editor_LoadFixtures : Unknown key name : zoom_tilt !
----------------------------------------------------------------------
Date 2019-12-08 - 13:43
Function : Editor_LoadFixtures : Unknown key name : offset_pan !
----------------------------------------------------------------------
Date 2019-12-08 - 13:43
Function : Editor_LoadFixtures : Unknown key name : offset_tilt !
----------------------------------------------------------------------
Date 2019-12-08 - 13:43
Function : Editor_LoadFixtures : Unknown key name : zoom_pan !
----------------------------------------------------------------------
Date 2019-12-08 - 13:43
Function : Editor_LoadFixtures : Unknown key name : zoom_tilt !
----------------------------------------------------------------------
Date 2019-12-08 - 13:43
Function : Editor_LoadFixtures : Unknown key name : offset_pan !
----------------------------------------------------------------------
Date 2019-12-08 - 13:43
Function : Editor_LoadFixtures : Unknown key name : offset_tilt !
----------------------------------------------------------------------
Date 2019-12-08 - 13:43
Function : Editor_LoadFixtures : Unknown key name : zoom_pan !
----------------------------------------------------------------------
Date 2019-12-08 - 13:43
Function : Editor_LoadFixtures : Unknown key name : zoom_tilt !
----------------------------------------------------------------------
Date 2019-12-08 - 13:43
Function : Editor_LoadFixtures : Unknown key name : offset_pan !
----------------------------------------------------------------------
Date 2019-12-08 - 13:43
Function : Editor_LoadFixtures : Unknown key name : offset_tilt !
----------------------------------------------------------------------
Date 2019-12-08 - 13:43
Function : Editor_LoadFixtures : Unknown key name : zoom_pan !
----------------------------------------------------------------------
Date 2019-12-08 - 13:43
Function : Editor_LoadFixtures : Unknown key name : zoom_tilt !
----------------------------------------------------------------------
Date 2019-12-09 - 19:58
Function : Editor_LoadFixtures : Unknown key name : offset_pan !
----------------------------------------------------------------------
Date 2019-12-09 - 19:58
Function : Editor_LoadFixtures : Unknown key name : offset_tilt !
----------------------------------------------------------------------
Date 2019-12-09 - 19:58
Function : Editor_LoadFixtures : Unknown key name : zoom_pan !
----------------------------------------------------------------------
Date 2019-12-09 - 19:58
Function : Editor_LoadFixtures : Unknown key name : zoom_tilt !
----------------------------------------------------------------------
Date 2019-12-09 - 19:58
Function : Editor_LoadFixtures : Unknown key name : offset_pan !
----------------------------------------------------------------------
Date 2019-12-09 - 19:58
Function : Editor_LoadFixtures : Unknown key name : offset_tilt !
----------------------------------------------------------------------
Date 2019-12-09 - 19:58
Function : Editor_LoadFixtures : Unknown key name : zoom_pan !
----------------------------------------------------------------------
Date 2019-12-09 - 19:58
Function : Editor_LoadFixtures : Unknown key name : zoom_tilt !
----------------------------------------------------------------------
Date 2019-12-09 - 19:58
Function : Editor_LoadFixtures : Unknown key name : offset_pan !
----------------------------------------------------------------------
Date 2019-12-09 - 19:58
Function : Editor_LoadFixtures : Unknown key name : offset_tilt !
----------------------------------------------------------------------
Date 2019-12-09 - 19:58
Function : Editor_LoadFixtures : Unknown key name : zoom_pan !
----------------------------------------------------------------------
Date 2019-12-09 - 19:58
Function : Editor_LoadFixtures : Unknown key name : zoom_tilt !
----------------------------------------------------------------------
Date 2019-12-09 - 19:58
Function : Editor_LoadFixtures : Unknown key name : offset_pan !
----------------------------------------------------------------------
Date 2019-12-09 - 19:58
Function : Editor_LoadFixtures : Unknown key name : offset_tilt !
----------------------------------------------------------------------
Date 2019-12-09 - 19:58
Function : Editor_LoadFixtures : Unknown key name : zoom_pan !
----------------------------------------------------------------------
Date 2019-12-09 - 19:58
Function : Editor_LoadFixtures : Unknown key name : zoom_tilt !
----------------------------------------------------------------------
Date 2019-12-09 - 19:58
Function : Editor_LoadFixtures : Unknown key name : offset_pan !
----------------------------------------------------------------------
Date 2019-12-09 - 19:58
Function : Editor_LoadFixtures : Unknown key name : offset_tilt !
----------------------------------------------------------------------
Date 2019-12-09 - 19:58
Function : Editor_LoadFixtures : Unknown key name : zoom_pan !
----------------------------------------------------------------------
Date 2019-12-09 - 19:58
Function : Editor_LoadFixtures : Unknown key name : zoom_tilt !
----------------------------------------------------------------------
Date 2019-12-09 - 19:58
Function : Editor_LoadFixtures : Unknown key name : offset_pan !
----------------------------------------------------------------------
Date 2019-12-09 - 19:58
Function : Editor_LoadFixtures : Unknown key name : offset_tilt !
----------------------------------------------------------------------
Date 2019-12-09 - 19:58
Function : Editor_LoadFixtures : Unknown key name : zoom_pan !
----------------------------------------------------------------------
Date 2019-12-09 - 19:58
Function : Editor_LoadFixtures : Unknown key name : zoom_tilt !
----------------------------------------------------------------------
Date 2019-12-09 - 19:58
Function : Editor_LoadFixtures : Unknown key name : offset_pan !
----------------------------------------------------------------------
Date 2019-12-09 - 19:58
Function : Editor_LoadFixtures : Unknown key name : offset_tilt !
----------------------------------------------------------------------
Date 2019-12-09 - 19:58
Function : Editor_LoadFixtures : Unknown key name : zoom_pan !
----------------------------------------------------------------------
Date 2019-12-09 - 19:58
Function : Editor_LoadFixtures : Unknown key name : zoom_tilt !
----------------------------------------------------------------------
Date 2019-12-09 - 19:58
Function : Editor_LoadFixtures : Unknown key name : offset_pan !
----------------------------------------------------------------------
Date 2019-12-09 - 19:58
Function : Editor_LoadFixtures : Unknown key name : offset_tilt !
----------------------------------------------------------------------
Date 2019-12-09 - 19:58
Function : Editor_LoadFixtures : Unknown key name : zoom_pan !
----------------------------------------------------------------------
Date 2019-12-09 - 19:58
Function : Editor_LoadFixtures : Unknown key name : zoom_tilt !
----------------------------------------------------------------------
Date 2019-12-09 - 19:58
Function : Editor_LoadFixtures : Unknown key name : offset_pan !
----------------------------------------------------------------------
Date 2019-12-09 - 19:58
Function : Editor_LoadFixtures : Unknown key name : offset_tilt !
----------------------------------------------------------------------
Date 2019-12-09 - 19:58
Function : Editor_LoadFixtures : Unknown key name : zoom_pan !
----------------------------------------------------------------------
Date 2019-12-09 - 19:58
Function : Editor_LoadFixtures : Unknown key name : zoom_tilt !
----------------------------------------------------------------------
Date 2019-12-10 - 18:34
Function : Editor_LoadFixtures : Unknown key name : offset_pan !
----------------------------------------------------------------------
Date 2019-12-10 - 18:34
Function : Editor_LoadFixtures : Unknown key name : offset_tilt !
----------------------------------------------------------------------
Date 2019-12-10 - 18:34
Function : Editor_LoadFixtures : Unknown key name : zoom_pan !
----------------------------------------------------------------------
Date 2019-12-10 - 18:34
Function : Editor_LoadFixtures : Unknown key name : zoom_tilt !
----------------------------------------------------------------------
Date 2019-12-10 - 18:34
Function : Editor_LoadFixtures : Unknown key name : offset_pan !
----------------------------------------------------------------------
Date 2019-12-10 - 18:34
Function : Editor_LoadFixtures : Unknown key name : offset_tilt !
----------------------------------------------------------------------
Date 2019-12-10 - 18:34
Function : Editor_LoadFixtures : Unknown key name : zoom_pan !
----------------------------------------------------------------------
Date 2019-12-10 - 18:34
Function : Editor_LoadFixtures : Unknown key name : zoom_tilt !
----------------------------------------------------------------------
Date 2019-12-10 - 18:34
Function : Editor_LoadFixtures : Unknown key name : offset_pan !
----------------------------------------------------------------------
Date 2019-12-10 - 18:34
Function : Editor_LoadFixtures : Unknown key name : offset_tilt !
----------------------------------------------------------------------
Date 2019-12-10 - 18:34
Function : Editor_LoadFixtures : Unknown key name : zoom_pan !
----------------------------------------------------------------------
Date 2019-12-10 - 18:34
Function : Editor_LoadFixtures : Unknown key name : zoom_tilt !
----------------------------------------------------------------------
Date 2019-12-10 - 18:34
Function : Editor_LoadFixtures : Unknown key name : offset_pan !
----------------------------------------------------------------------
Date 2019-12-10 - 18:34
Function : Editor_LoadFixtures : Unknown key name : offset_tilt !
----------------------------------------------------------------------
Date 2019-12-10 - 18:34
Function : Editor_LoadFixtures : Unknown key name : zoom_pan !
----------------------------------------------------------------------
Date 2019-12-10 - 18:34
Function : Editor_LoadFixtures : Unknown key name : zoom_tilt !
----------------------------------------------------------------------
Date 2019-12-10 - 18:34
Function : Editor_LoadFixtures : Unknown key name : offset_pan !
----------------------------------------------------------------------
Date 2019-12-10 - 18:34
Function : Editor_LoadFixtures : Unknown key name : offset_tilt !
----------------------------------------------------------------------
Date 2019-12-10 - 18:34
Function : Editor_LoadFixtures : Unknown key name : zoom_pan !
----------------------------------------------------------------------
Date 2019-12-10 - 18:34
Function : Editor_LoadFixtures : Unknown key name : zoom_tilt !
----------------------------------------------------------------------
Date 2019-12-10 - 18:34
Function : Editor_LoadFixtures : Unknown key name : offset_pan !
----------------------------------------------------------------------
Date 2019-12-10 - 18:34
Function : Editor_LoadFixtures : Unknown key name : offset_tilt !
----------------------------------------------------------------------
Date 2019-12-10 - 18:34
Function : Editor_LoadFixtures : Unknown key name : zoom_pan !
----------------------------------------------------------------------
Date 2019-12-10 - 18:34
Function : Editor_LoadFixtures : Unknown key name : zoom_tilt !
----------------------------------------------------------------------
Date 2019-12-10 - 18:34
Function : Editor_LoadFixtures : Unknown key name : offset_pan !
----------------------------------------------------------------------
Date 2019-12-10 - 18:34
Function : Editor_LoadFixtures : Unknown key name : offset_tilt !
----------------------------------------------------------------------
Date 2019-12-10 - 18:34
Function : Editor_LoadFixtures : Unknown key name : zoom_pan !
----------------------------------------------------------------------
Date 2019-12-10 - 18:34
Function : Editor_LoadFixtures : Unknown key name : zoom_tilt !
----------------------------------------------------------------------
Date 2019-12-10 - 18:34
Function : Editor_LoadFixtures : Unknown key name : offset_pan !
----------------------------------------------------------------------
Date 2019-12-10 - 18:34
Function : Editor_LoadFixtures : Unknown key name : offset_tilt !
----------------------------------------------------------------------
Date 2019-12-10 - 18:34
Function : Editor_LoadFixtures : Unknown key name : zoom_pan !
----------------------------------------------------------------------
Date 2019-12-10 - 18:34
Function : Editor_LoadFixtures : Unknown key name : zoom_tilt !
----------------------------------------------------------------------
Date 2019-12-10 - 18:34
Function : Editor_LoadFixtures : Unknown key name : offset_pan !
----------------------------------------------------------------------
Date 2019-12-10 - 18:34
Function : Editor_LoadFixtures : Unknown key name : offset_tilt !
----------------------------------------------------------------------
Date 2019-12-10 - 18:34
Function : Editor_LoadFixtures : Unknown key name : zoom_pan !
----------------------------------------------------------------------
Date 2019-12-10 - 18:34
Function : Editor_LoadFixtures : Unknown key name : zoom_tilt !
----------------------------------------------------------------------
